<?xml version="1.0" encoding="UTF-8"?>
<testng-results ignored="0" total="1" passed="1" failed="0" skipped="0">
  <reporter-output>
  </reporter-output>
  <suite started-at="2026-04-30T09:36:30 PKT" name="Automation Suite" finished-at="2026-04-30T09:36:53 PKT" duration-ms="22905">
    <groups>
    </groups>
    <test started-at="2026-04-30T09:36:30 PKT" name="Login Tests" finished-at="2026-04-30T09:36:53 PKT" duration-ms="22905">
      <class name="tests.LoginTest">
        <test-method is-config="true" signature="setUp(java.lang.String,java.lang.reflect.Method)[pri:0, instance:tests.LoginTest@73a1e9a9]" started-at="2026-04-30T09:36:31 PKT" name="setUp" finished-at="2026-04-30T09:36:37 PKT" duration-ms="6787" status="PASS">
          <params>
            <param index="0">
              <value>
                <![CDATA[chrome]]>
              </value>
            </param>
            <param index="1">
              <value>
                <![CDATA[public void tests.LoginTest.validLoginTest() throws java.lang.InterruptedException]]>
              </value>
            </param>
          </params>
          <reporter-output>
          </reporter-output>
        </test-method> <!-- setUp -->
        <test-method signature="validLoginTest()[pri:1, instance:tests.LoginTest@73a1e9a9]" started-at="2026-04-30T09:36:37 PKT" name="validLoginTest" finished-at="2026-04-30T09:36:52 PKT" duration-ms="14579" status="PASS">
          <reporter-output>
          </reporter-output>
        </test-method> <!-- validLoginTest -->
        <test-method is-config="true" signature="tearDown(org.testng.ITestResult)[pri:0, instance:tests.LoginTest@73a1e9a9]" started-at="2026-04-30T09:36:52 PKT" name="tearDown" finished-at="2026-04-30T09:36:53 PKT" duration-ms="1455" status="PASS">
          <params>
            <param index="0">
              <value>
                <![CDATA[[TestResult name=validLoginTest status=SUCCESS method=LoginTest.validLoginTest()[pri:1, instance:tests.LoginTest@73a1e9a9] output={null}]]]>
              </value>
            </param>
          </params>
          <reporter-output>
          </reporter-output>
        </test-method> <!-- tearDown -->
      </class> <!-- tests.LoginTest -->
    </test> <!-- Login Tests -->
  </suite> <!-- Automation Suite -->
</testng-results>
